[www.guts.agency/index.html]
[backblue.gif]
[fade.gif]
[index.html]
[cdn.prod.website-files.com/6285e77eaf03d3b5e63ee110/css/guts-agency.webflow.4d95eafa4.css]
[cdn.prod.website-files.com/6285e77eaf03d3b5e63ee110/629928ba2c8aa362a0d4c4de_Frame 4809543032.png]
[cdn.prod.website-files.com/6285e77eaf03d3b5e63ee110/629928bcb7e9b66288d59b13_Frame 48095430256.png]
[cdn.jsdelivr.net/npm/@finsweet/cookie-consent@1/fs-cc.js]
[tracker.metricool.com/c3po2bfb.png]
[www.guts.agency/about.html]
[www.guts.agency/works.html]
[www.guts.agency/services.html]
[www.guts.agency/brains.html]
[www.guts.agency/contact.html]
[www.guts.agency/subscribe-mobile.b.delayed]
[cdn.prod.website-files.com/6285e77eaf03d3b5e63ee110/6356372a1bb1a23270e5c32d_google wide.jpg]
[www.guts.agency/works/google-cloud.html]
[cdn.prod.website-files.com/6285e77eaf03d3b5e63ee110/62f8c7f4992cf4c409ddb7fa_Google thumbnail2.jpg]
[www.guts.agency/works/forsight.html]
[cdn.prod.website-files.com/6285e77eaf03d3b5e63ee110/62e136b08c1c3a586a151e36_Xtend Thumbnail.jpg]
[www.guts.agency/works/fair.html]
[cdn.prod.website-files.com/6285e77eaf03d3b5e63ee110/62e136b0b0ab6efeda8bdb94_Fair Thumbnail.jpg]
[www.guts.agency/works/brilliant.html]
[cdn.prod.website-files.com/6285e77eaf03d3b5e63ee110/62e136b04aea863d87914b17_Playtika Thumbnail.jpg]
[www.guts.agency/works/slice.html]
[www.guts.agency/works/predicta-med.html]
[cdn.prod.website-files.com/6285e77eaf03d3b5e63ee110/62e136b0397eadb0a645b357_Predicta Thumbnail.jpg]
[cdn.prod.website-files.com/6285e77eaf03d3b5e63ee110/62fba17c8fef3b23f387fe8e_nanox home.jpg]
[www.guts.agency/works/atidot.html]
[cdn.prod.website-files.com/6285e77eaf03d3b5e63ee110/62fba17cdbb3098eb68be874_atidot home.jpg]
[cdn.prod.website-files.com/6285e77eaf03d3b5e63ee110/62e14388da2667fcfe111245_m google Thumbnail.jpg]
[cdn.prod.website-files.com/6285e77eaf03d3b5e63ee110/62e1438856396d987ea60341_m Fair Thumbnail.jpg]
[cdn.prod.website-files.com/6285e77eaf03d3b5e63ee110/62e1438847918b782ce31db5_m playtika Thumbnail.jpg]
[cdn.prod.website-files.com/6285e77eaf03d3b5e63ee110/62e143895da41e37e81b781c_m xtend Thumbnail.jpg]
[cdn.prod.website-files.com/6285e77eaf03d3b5e63ee110/62fba46aafcafb40072f8485_nanox mobile.jpg]
[cdn.prod.website-files.com/6285e77eaf03d3b5e63ee110/62e14388dde142822a8a6658_m predicta Thumbnail.jpg]
[cdn.prod.website-files.com/6285e77eaf03d3b5e63ee110/62e143883bb199b3abd311b3_m HP Thumbnail.jpg]
[cdn.prod.website-files.com/6285e77eaf03d3b5e63ee110/62e1438822699ea97f128b4f_m atidot Thumbnail.jpg]
[www.guts.agency/privacy.html]
[d3e54v103j8qbb.cloudfront.net/js/jquery-3.5.1.min.dc5e7f18c84b06.js]
[cdn.prod.website-files.com/6285e77eaf03d3b5e63ee110/js/webflow.ef06087fe512142e3073e3571da7f608.js]
[cdnjs.cloudflare.com/ajax/libs/jquery/3.5.1/jquery.slim.min.js]
[www.guts.agency/index.html]
[cdnjs.cloudflare.com/ajax/libs/js-cookie/2.2.1/js.cookie.min.js]
[cdn.prod.website-files.com/6285e77eaf03d3b5e63ee110/62864a13e14d5b0897533fa8_Fair.png]
[cdn.prod.website-files.com/6285e77eaf03d3b5e63ee110/628653a599f6151775480eab_HP Homepage Hero.jpg]
[cdn.prod.website-files.com/6285e77eaf03d3b5e63ee110/62865324d44ded8b576faf7e_Nanox.png]
[cdn.prod.website-files.com/6285e77eaf03d3b5e63ee110/628653a4ffa075a4f554fa4d_Predicta Med Homepage Hero.jpg]
[cdn.prod.website-files.com/6285e77eaf03d3b5e63ee110/628651a5f6af1c2574219dff_Atidot Homepage.png]
[cdn.prod.website-files.com/6285e77eaf03d3b5e63ee110/628652becf7ed370a170841c_Xtend Homepage Hero.jpg]
[cdn.prod.website-files.com/6285e77eaf03d3b5e63ee110/63b5afed5fa2656bc295d1e4_01.jpg]
[cdn.prod.website-files.com/6285e77eaf03d3b5e63ee110/63b5afec1c25cf2f8801401b_02.jpg]
[cdn.prod.website-files.com/6285e77eaf03d3b5e63ee110/63b5afec83a5c6bc02f5e2f4_03.jpg]
[cdn.prod.website-files.com/6285e77eaf03d3b5e63ee110/63b5afec15479a7799841a6c_04.jpg]
[cdn.prod.website-files.com/6285e77eaf03d3b5e63ee110/63b5afeca92842f4dc7f0e8c_07.jpg]
[cdn.prod.website-files.com/6285e77eaf03d3b5e63ee110/63b5afed7c79e02d453b24c1_08.jpg]
[cdn.prod.website-files.com/6285e77eaf03d3b5e63ee110/63b5afed78611921674762c3_10.jpg]
[cdn.prod.website-files.com/6285e77eaf03d3b5e63ee110/63b5afed8c25514de8963c07_11.jpg]
[cdn.prod.website-files.com/6285e77eaf03d3b5e63ee110/6288e887ef00fa29909b1656_09.jpg]
[cdn.prod.website-files.com/6285e77eaf03d3b5e63ee110/63f5c60f5152772165ce54b6_12.png]
[cdn.prod.website-files.com/6285e77eaf03d3b5e63ee110/63f5c62e672a4d37bad8b643_13.png]
[cdn.prod.website-files.com/6285e77eaf03d3b5e63ee110/6288e88790f189821011194b_12.jpg]
[cdn.prod.website-files.com/6285e77eaf03d3b5e63ee110/6288e888789974b0b6e806bf_13.jpg]
[cdn.prod.website-files.com/6285e77eaf03d3b5e63ee110/628a8b6f1971ae8ff8057111_fair dashboard01.png]
[cdn.prod.website-files.com/6285e77eaf03d3b5e63ee110/628a8b6f1948ad2b7eb6978f_fair dashboard02.png]
[cdn.prod.website-files.com/6285e77eaf03d3b5e63ee110/628a8b703e6eda03d2d0d500_fair dashboard03.png]
[cdn.prod.website-files.com/6285e77eaf03d3b5e63ee110/628a8b6f5efc213c4ca861fc_fair dashboard04.png]
[cdn.prod.website-files.com/6285e77eaf03d3b5e63ee110/628a8b706d725b39f03f1f6d_fair dashboard05.png]
[cdn.prod.website-files.com/6285e77eaf03d3b5e63ee110/628a8b6f56b75cd7237a631f_fair dashboard06.png]
[cdn.prod.website-files.com/6285e77eaf03d3b5e63ee110/628a8b6f7521665bc752a8cf_fair dashboard07.png]
[cdn.prod.website-files.com/6285e77eaf03d3b5e63ee110/628a8b6fede950175e13275f_fair dashboard08.png]
[cdn.prod.website-files.com/6285e77eaf03d3b5e63ee110/656349264112006d55f2270f_#1 Hero.png]
[cdn.prod.website-files.com/6285e77eaf03d3b5e63ee110/646b59d542ec693e8b540738_lumigo background noise.png]
[cdn.prod.website-files.com/6285e77eaf03d3b5e63ee110/6563552b7bcf718b8009246e_tesxture.jpg]
[cdn.prod.website-files.com/6285e77eaf03d3b5e63ee110/65ba4163b4cb697fad3aaab0_so fresh BG.png]
[cdn.prod.website-files.com/6285e77eaf03d3b5e63ee110/65ba6598a3691093ba71a1f7_Mobile BG.png]
[cdn.prod.website-files.com/6285e77eaf03d3b5e63ee110/65ba67b58c68d80954ab6985_Product BG.png]
[cdn.prod.website-files.com/6285e77eaf03d3b5e63ee110/66b75adb86a8c0c6707d5157_pipe-line.png]
[cdn.prod.website-files.com/6285e77eaf03d3b5e63ee110/66bdd2eea6d5dd13546ad900_pipe-line 5.png]
[cdn.prod.website-files.com/6285e77eaf03d3b5e63ee110/66bdd3e36612d934480a3f65_sc-2.png]
[cdn.prod.website-files.com/6285e77eaf03d3b5e63ee110/66bdd3e22b96d40d495bf03c_sc-1.png]
[cdn.prod.website-files.com/6285e77eaf03d3b5e63ee110/66bdd3e36ba27e31e09aa641_sc-3.png]
[cdn.prod.website-files.com/6285e77eaf03d3b5e63ee110/66bdd3e3ac6f123fa8bc7e02_sc-4.png]
[cdn.prod.website-files.com/6285e77eaf03d3b5e63ee110/62b48553d10f403909848307_Xtend Mobile.jpg]
[cdn.prod.website-files.com/6285e77eaf03d3b5e63ee110/62b48552d5dbdece398dbabe_slice Mobile.jpg]
[cdn.prod.website-files.com/6285e77eaf03d3b5e63ee110/62b4855274b531237553e7b4_Forsight Mobile.jpg]
[cdn.prod.website-files.com/6285e77eaf03d3b5e63ee110/62b48552c8a443a4532ce657_Fair mobile.jpg]
[cdn.prod.website-files.com/6285e77eaf03d3b5e63ee110/62b48552cf840d4c266b880c_Brilliant Mobile.jpg]
[cdn.prod.website-files.com/6285e77eaf03d3b5e63ee110/62b48552983bb06aebbcf314_Atidot Mobile.jpg]
[cdn.prod.website-files.com/6285e77eaf03d3b5e63ee110/62b485522db16d339b746b9a_Predicta Mobile.jpg]
[cdn.prod.website-files.com/6285e77eaf03d3b5e63ee110/62b485546e44c46aa810862a_HP Mobile.jpg]
[cdn.prod.website-files.com/6285e77eaf03d3b5e63ee110/62b485546e44c4426710862b_Nanox Mobile.jpg]
[cdn.prod.website-files.com/6285e77eaf03d3b5e63ee110/css/guts-agency.webflow.4d95eafa4.css]
[www.googletagmanager.com/gtm5445.html]
[cdn.prod.website-files.com/6285e77eaf03d3b5e63ee110/6288f0d238db65486b061079_Partners01.png]
[cdn.prod.website-files.com/6285e77eaf03d3b5e63ee110/6288f0d2dc0f4b62f6658e78_Partners22.png]
[cdn.prod.website-files.com/6285e77eaf03d3b5e63ee110/6288f0d2ede95014460a0329_Partners04.png]
[cdn.prod.website-files.com/6285e77eaf03d3b5e63ee110/6288f0d266773e82db6a1e17_Partners02.png]
[cdn.prod.website-files.com/6285e77eaf03d3b5e63ee110/6288f01e56b75cfe8b70df86_Partners24.png]
[cdn.prod.website-files.com/6285e77eaf03d3b5e63ee110/6288f0d12706b44c53598857_Partners07.png]
[cdn.prod.website-files.com/6285e77eaf03d3b5e63ee110/6288f0d256b75c3ad170e032_Partners08.png]
[cdn.prod.website-files.com/6285e77eaf03d3b5e63ee110/6288f0d1dc0f4b1fec658e77_Partners10.png]
[cdn.prod.website-files.com/6285e77eaf03d3b5e63ee110/6288f0d218a34758cebe0b5a_Partners13.png]
[cdn.prod.website-files.com/6285e77eaf03d3b5e63ee110/6288f0d1136f61ceb599ec15_Partners03.png]
[cdn.prod.website-files.com/6285e77eaf03d3b5e63ee110/6288f0d25d3bee139cb1796e_Partners17.png]
[cdn.prod.website-files.com/6285e77eaf03d3b5e63ee110/6288f0d26c73c833427a8c67_Partners12.png]
[cdn.prod.website-files.com/6285e77eaf03d3b5e63ee110/6288f0d266773e5c1c6a1e19_Partners25.png]
[cdn.prod.website-files.com/6285e77eaf03d3b5e63ee110/6288f0d27f4f999b090eaa07_Partners05.png]
[cdn.prod.website-files.com/6285e77eaf03d3b5e63ee110/6288f0d266773e9aa36a1e18_Partners15.png]
[cdn.prod.website-files.com/6285e77eaf03d3b5e63ee110/6288f0d282360f588315fe0e_Partners16.png]
[cdn.prod.website-files.com/6285e77eaf03d3b5e63ee110/6288f0d17899741810e83ca7_Partners06.png]
[cdn.prod.website-files.com/6285e77eaf03d3b5e63ee110/6288f0d26c73c837a37a8c69_Partners23.png]
[cdn.prod.website-files.com/6285e77eaf03d3b5e63ee110/6288f0d1521f0366f6f4753a_Partners11.png]
[cdn.prod.website-files.com/6285e77eaf03d3b5e63ee110/6288f0d206854d351b2f35ad_Partners21.png]
[cdn.prod.website-files.com/6285e77eaf03d3b5e63ee110/62fce0ca07590e500f509902_predicta med.png]
[cdn.prod.website-files.com/6285e77eaf03d3b5e63ee110/628911e0ef00fa09849c285b_Adam.jpg]
[cdn.prod.website-files.com/6285e77eaf03d3b5e63ee110/628911e12cc6d521c92cac5b_Adva.jpg]
[cdn.prod.website-files.com/6285e77eaf03d3b5e63ee110/62fd0a7f440f2d8aa07e88f4_bob 1.jpg]
[cdn.prod.website-files.com/6285e77eaf03d3b5e63ee110/62fd0a7f72b68da9e56d22a3_hadar 1.jpg]
[cdn.prod.website-files.com/6285e77eaf03d3b5e63ee110/628911e0dc0f4b99216675f8_micha.jpg]
[cdn.prod.website-files.com/6285e77eaf03d3b5e63ee110/63f23c62e1e2960d5d53d878_shlomit.png]
[cdn.prod.website-files.com/6285e77eaf03d3b5e63ee110/628911e0b4f98d586cab02a1_yarden.jpg]
[www.guts.agency/about.html]
[www.guts.agency/works/hp-drupa.html]
[cdn.prod.website-files.com/6285e77eaf03d3b5e63ee110/67586eff661178ed03fd108c_Drupa Thumbnail .png]
[cdn.prod.website-files.com/6285e77eaf03d3b5e63ee110/656de47040ab14772c926043_Works Evigence.jpg]
[www.guts.agency/works/dofinity.html]
[cdn.prod.website-files.com/6285e77eaf03d3b5e63ee110/656de3ad0a82f1220a7fb3f1_Works google.jpg]
[cdn.prod.website-files.com/6285e77eaf03d3b5e63ee110/6400a5d9637f39bbcb7f6e8e_Fairvid.png]
[cdn.prod.website-files.com/6285e77eaf03d3b5e63ee110/62e6431f2736d141dba80433_Fair works.jpg]
[www.guts.agency/works/lgbtech.html]
[cdn.prod.website-files.com/6285e77eaf03d3b5e63ee110/642aed7b9730cd50bbb9b4ac_work-monada.jpg]
[www.guts.agency/works/codium.html]
[www.guts.agency/works/zikaron-glglz.html]
[cdn.prod.website-files.com/6285e77eaf03d3b5e63ee110/63022e10439fa61b0aeca341_cyera works2.jpg]
[cdn.prod.website-files.com/6285e77eaf03d3b5e63ee110/62e6431f6e26a3003a071f63_playtika works.jpg]
[www.guts.agency/works/record.html]
[cdn.prod.website-files.com/6285e77eaf03d3b5e63ee110/642af6cbfe1dc58675304920_work-record.jpg]
[cdn.prod.website-files.com/6285e77eaf03d3b5e63ee110/62e648004512d60d40d1b6f1_xtend works.jpg]
[www.guts.agency/works/zikaron-basalon.html]
[cdn.prod.website-files.com/6285e77eaf03d3b5e63ee110/62fcfd78bc7fe9c5d0ac470e_fmr works.jpg]
[www.guts.agency/works/rma.html]
[cdn.prod.website-files.com/6285e77eaf03d3b5e63ee110/62fcfd78143c4ed893e073e2_ram works.jpg]
[cdn.prod.website-files.com/6285e77eaf03d3b5e63ee110/62e7b39f23e7c2e8a912c6d6_read more hover.png]
[cdn.prod.website-files.com/6285e77eaf03d3b5e63ee110/62fba04be9eaef24274a7058_nanox.jpg]
[cdn.prod.website-files.com/6285e77eaf03d3b5e63ee110/62d97a641d212012dc8aad9c_Predicta Thumbnail.jpg]
[cdn.prod.website-files.com/6285e77eaf03d3b5e63ee110/62fba04bebcc08817dc4b548_atidot.jpg]
[cdn.prod.website-files.com/6285e77eaf03d3b5e63ee110/62fcfd78d26fac4baa8807d8_orda works.jpg]
[cdn.prod.website-files.com/6285e77eaf03d3b5e63ee110/642afb5a750c4e7b1d8c07e6_work-moovex.jpg]
[cdn.prod.website-files.com/6285e77eaf03d3b5e63ee110/62fcfd783cf8261227882a50_lazy goat.jpg]
[cdn.prod.website-files.com/6285e77eaf03d3b5e63ee110/62e6431fdd3aac29551ef2ae_HP works.jpg]
[cdn.prod.website-files.com/6285e77eaf03d3b5e63ee110/62fcfd786e020805e6fa90c3_xt works.jpg]
[cdn.prod.website-files.com/6285e77eaf03d3b5e63ee110/62fcfd7836cc0b6134bfca82_anagog works.jpg]
[cdn.prod.website-files.com/6285e77eaf03d3b5e63ee110/642afb5a65beaf5688b1740d_work-rogovin.jpg]
[cdn.prod.website-files.com/6285e77eaf03d3b5e63ee110/656de8f94cd7bfe0d20bdcb4_40.jpg]
[cdn.prod.website-files.com/6285e77eaf03d3b5e63ee110/6400a5d7e0f2c886d6cd1dbb_Fairvidmoblie.png]
[cdn.prod.website-files.com/6285e77eaf03d3b5e63ee110/63022e0909a32247a33a6989_m cyera2.jpg]
[cdn.prod.website-files.com/6285e77eaf03d3b5e63ee110/62fd058ca725bb0ebe71d5b9_m fmr.jpg]
[cdn.prod.website-files.com/6285e77eaf03d3b5e63ee110/62fd058cc0f79329e6a1fcc5_m ram.jpg]
[cdn.prod.website-files.com/6285e77eaf03d3b5e63ee110/62fd058b207bf7915f3c88ee_m orda.jpg]
[cdn.prod.website-files.com/6285e77eaf03d3b5e63ee110/62fd058d53d90e67020a5b9b_m lazy goat.jpg]
[cdn.prod.website-files.com/6285e77eaf03d3b5e63ee110/62fd058ce9e6001633c0a295_m xt.jpg]
[cdn.prod.website-files.com/6285e77eaf03d3b5e63ee110/62fd058c522a55722457c769_m anagog .jpg]
[www.guts.agency/works.html]
[www.guts.agency/services.html]
[www.guts.agency/brains/goodbye-2023.html]
[cdn.prod.website-files.com/6285e77eaf03d3b5e63ee110/658c5356ccc9e282f1661975_Blog cover image2.png]
[www.guts.agency/brains/from-aha-moment-to-brand.html]
[cdn.prod.website-files.com/6285e77eaf03d3b5e63ee110/65687bea081a9a9ee36d8a8f_main image.png]
[www.guts.agency/brains/is-it-okay-to-smile-on-holocaust-day.html]
[cdn.prod.website-files.com/6285e77eaf03d3b5e63ee110/63d662dd03886e359ad1be63_Hiro.jpg]
[www.guts.agency/brains/alefalefalef.html]
[cdn.prod.website-files.com/6285e77eaf03d3b5e63ee110/63b6d2a8bb4b01819f0c9023_share_img-alefalef(5).jpg]
[www.guts.agency/brains/adios-2022.html]
[cdn.prod.website-files.com/6285e77eaf03d3b5e63ee110/63d7ae54b3ddac60342e874d_Frame 48095745.png]
[www.guts.agency/brains/design-in-3-0.html]
[cdn.prod.website-files.com/6285e77eaf03d3b5e63ee110/63b6d2a86414606855db603c_share_img-adams(4).jpg]
[www.guts.agency/brains/dont-listen-to-your-gut.html]
[cdn.prod.website-files.com/6285e77eaf03d3b5e63ee110/63b2f71134a33d6a93b24ff2_share_img-dont.jpg]
[www.guts.agency/brains/google-cloud-israel-campaign.html]
[cdn.prod.website-files.com/6285e77eaf03d3b5e63ee110/63b69d85ba1a9f697d8c962a_share_img-google3.jpg]
[cdn.prod.website-files.com/6285e77eaf03d3b5e63ee110/6326bae6f8acefa3f76a06cb_brains_fair.jpg]
[cdn.prod.website-files.com/6285e77eaf03d3b5e63ee110/6326bae679ba58c915970959_brains_forsight.jpg]
[cdn.prod.website-files.com/6285e77eaf03d3b5e63ee110/6326bae6751a7f58fb5f3ba0_brains_xtend.jpg]
[cdn.prod.website-files.com/6285e77eaf03d3b5e63ee110/6326bae6f8acefacc16a06e8_brains_slice.jpg]
[cdn.prod.website-files.com/6285e77eaf03d3b5e63ee110/6326bae5acd3d80ff56ae136_brains_zikaron.jpg]
[cdn.prod.website-files.com/6285e77eaf03d3b5e63ee110/6326bae67de610df260ec357_brains_brilliant.jpg]
[www.guts.agency/brains.html]
[www.guts.agency/contact.html]
[www.guts.agency/subscribe-mobile.html]
[cdn.prod.website-files.com/6285e77eaf03d3b5e63ee110/62d7cbcda5ed6f36dfe5bc56_Google map.jpg]
[cdn.prod.website-files.com/6285e77eaf03d3b5e63ee110/62d942ed241613129d507d8c_Slice phone-2.jpg]
[cdn.prod.website-files.com/6285e77eaf03d3b5e63ee110/62d942ed7ce66b0716f9a9d0_Atidot04.jpg]
[cdn.prod.website-files.com/6285e77eaf03d3b5e63ee110/62d942ec16e6d1aa5ccd7a66_Slice phone-1.jpg]
[cdn.prod.website-files.com/6285e77eaf03d3b5e63ee110/62d942ed2416132db5507d8b_WhatsApp Image 2022-07-20 at 12.11.jpg]
[cdn.prod.website-files.com/6285e77eaf03d3b5e63ee110/62d942edf68cede181dec1b9_Slice phone.jpg]
[cdn.prod.website-files.com/6285e77eaf03d3b5e63ee110/62d942ec3dd4d1a5f6420148_Atidot04-1.jpg]
[cdn.prod.website-files.com/6285e77eaf03d3b5e63ee110/62d9448d241613c1885098c9_Google cloud Isolated 06.jpg]
[cdn.prod.website-files.com/6285e77eaf03d3b5e63ee110/62d9448dc60276483b77f082_Google cloud Isolated 04.jpg]
[cdn.prod.website-files.com/6285e77eaf03d3b5e63ee110/62e7aaa987c99ae006a48b0c_ben gurion.jpg]
[cdn.prod.website-files.com/6285e77eaf03d3b5e63ee110/62e7aaa9010e0f7174aa5393_tracktor.jpg]
[cdn.prod.website-files.com/6285e77eaf03d3b5e63ee110/62e7aaa97d2feda7c75a3dfe_finjan.jpg]
[cdn.prod.website-files.com/6285e77eaf03d3b5e63ee110/62d9846696003581ae79a8a5_ezgif.com-gif-maker (69).gif]
[cdn.prod.website-files.com/6285e77eaf03d3b5e63ee110/62e7aaa9297423863f2c77d3_dead sea.jpg]
[www.guts.agency/works/google-cloud.html]
[cdn.prod.website-files.com/6285e77eaf03d3b5e63ee110/6298c5fbdd00933064ade13b_Forsight mobile.jpg]
[cdn.prod.website-files.com/6285e77eaf03d3b5e63ee110/6298cf3fe693ab807a35841a_Forsight Robot ord.jpg]
[cdn.prod.website-files.com/6285e77eaf03d3b5e63ee110/6298cf3f567c7e9c1347d07a_Forsight Robot mobile.jpg]
[cdn.prod.website-files.com/6285e77eaf03d3b5e63ee110/6298cf8a4326b37900131c43_forsight wireframe.jpg]
[cdn.prod.website-files.com/6285e77eaf03d3b5e63ee110/6298cf8a390bf4522c7ab9fe_forsight showcase.jpg]
[cdn.prod.website-files.com/6285e77eaf03d3b5e63ee110/6298d28c6751d78a364b65d9_Forsight Shirt mockup.jpg]
[cdn.prod.website-files.com/6285e77eaf03d3b5e63ee110/6298d28c2dc324867cff9d51_Forsight Booklet Mockup.jpg]
[www.guts.agency/works/forsight.html]
[cdn.prod.website-files.com/6285e77eaf03d3b5e63ee110/62f9f8e1d42badc864700891_Fair app icon.jpg]
[cdn.prod.website-files.com/6285e77eaf03d3b5e63ee110/628a5fd782360f2b851e0694_Fair balls falling.png]
[cdn.prod.website-files.com/6285e77eaf03d3b5e63ee110/628a601ccba076822b7f0934_Fair icons.jpg]
[cdn.prod.website-files.com/6285e77eaf03d3b5e63ee110/62fb9055c7a36812bc575d24_fair-icons_mobile.jpg]
[cdn.prod.website-files.com/6285e77eaf03d3b5e63ee110/628a8d359076f32293931cba_fold8.jpg]
[cdn.prod.website-files.com/6285e77eaf03d3b5e63ee110/62fb907691c38467c9a665b6_fair-phones_parallaxmobile.jpg]
[cdn.prod.website-files.com/6285e77eaf03d3b5e63ee110/628a92b9c5137bb7410bafc7_Fair UI showcase.jpg]
[cdn.prod.website-files.com/6285e77eaf03d3b5e63ee110/628a932006854dd22f38c620_fair ui  Mockup.jpg]
[cdn.prod.website-files.com/6285e77eaf03d3b5e63ee110/628a946a38db6535570f4f2e_fair flow showcase.jpg]
[cdn.prod.website-files.com/6285e77eaf03d3b5e63ee110/628a9629751aa37fcd2cb8d4_fair large UI Showcase01.png]
[cdn.prod.website-files.com/6285e77eaf03d3b5e63ee110/628a9629b4f98de59db38f1b_fair large UI Showcase02.png]
[cdn.prod.website-files.com/6285e77eaf03d3b5e63ee110/628a962920af2b9770a4b45a_fair large UI Showcase03.png]
[cdn.prod.website-files.com/6285e77eaf03d3b5e63ee110/628a96299076f3f35f93608f_fair large UI Showcase04.png]
[cdn.prod.website-files.com/6285e77eaf03d3b5e63ee110/628a96291948ad28e1b6d2f3_fair large UI Showcase05.png]
[cdn.prod.website-files.com/6285e77eaf03d3b5e63ee110/628a980f90f1898e3a1a7c04_Stationary-1.jpg]
[cdn.prod.website-files.com/6285e77eaf03d3b5e63ee110/628a980e751aa34f4a2cccc2_BC.jpg]
[cdn.prod.website-files.com/6285e77eaf03d3b5e63ee110/628a980f20af2b555ca4be5a_Stationary.jpg]
[cdn.prod.website-files.com/6285e77eaf03d3b5e63ee110/628a980f20af2b194fa4be59_glass.jpg]
[www.guts.agency/works/fair.html]
[cdn.prod.website-files.com/6285e77eaf03d3b5e63ee110/628b9d84e5af2742c31dcc81_feature01.png]
[cdn.prod.website-files.com/6285e77eaf03d3b5e63ee110/628b9d843c3f040e8c6bc66e_feature02.png]
[cdn.prod.website-files.com/6285e77eaf03d3b5e63ee110/628b9d840612434e282c8be1_feature03.png]
[cdn.prod.website-files.com/6285e77eaf03d3b5e63ee110/628de996235858f04681af25_fold6-mobile.png]
[cdn.prod.website-files.com/6285e77eaf03d3b5e63ee110/628deac834fb2dbe0ba54866_fold7.png]
[cdn.prod.website-files.com/6285e77eaf03d3b5e63ee110/628defa65bd95b9e550b6f23_Brillinat illustraion zen.png]
[cdn.prod.website-files.com/6285e77eaf03d3b5e63ee110/628defa62ef8ea0c57f79e1c_Brillinat illustraion tight rope.png]
[cdn.prod.website-files.com/6285e77eaf03d3b5e63ee110/628df145895bb352d0f240ca_Brilliant fold11-cup.jpg]
[cdn.prod.website-files.com/6285e77eaf03d3b5e63ee110/628df174235858fb1381ebf5_Brilliant fold12-laptop.jpg]
[cdn.prod.website-files.com/6285e77eaf03d3b5e63ee110/628df1b3e8398cb70c5d773d_fold13-cat.png]
[www.guts.agency/works/brilliant.html]
[cdn.prod.website-files.com/6285e77eaf03d3b5e63ee110/628b413e38db65819313914a_slice worlds 01.png]
[cdn.prod.website-files.com/6285e77eaf03d3b5e63ee110/628b413e90f18927421eeccb_slice worlds 02.png]
[cdn.prod.website-files.com/6285e77eaf03d3b5e63ee110/628b413e58ffb734fc3f0fe5_slice worlds 03.png]
[cdn.prod.website-files.com/6285e77eaf03d3b5e63ee110/628b413ea920a95ddcbc90f6_slice worlds 04.png]
[cdn.prod.website-files.com/6285e77eaf03d3b5e63ee110/628b413e619a8323bc387403_slice worlds 05.png]
[cdn.prod.website-files.com/6285e77eaf03d3b5e63ee110/628b413e3766e623ba62a04d_slice worlds 06.png]
[cdn.prod.website-files.com/6285e77eaf03d3b5e63ee110/628b413e8b652b04b668aeec_slice worlds 07.png]
[cdn.prod.website-files.com/6285e77eaf03d3b5e63ee110/628b413d9076f35840979d9f_slice worlds 08.png]
[cdn.prod.website-files.com/6285e77eaf03d3b5e63ee110/628b3f14d53df3163c5ad516_Slice phone.jpg]
[cdn.prod.website-files.com/6285e77eaf03d3b5e63ee110/628b3f15dc0f4b5ee0737715_slice office.jpg]
[cdn.prod.website-files.com/6285e77eaf03d3b5e63ee110/628b63030b297df90ad08275_Atidot04.jpg]
[cdn.prod.website-files.com/6285e77eaf03d3b5e63ee110/628b6801de8522bd4fbce582_Atidot04.png]
[cdn.prod.website-files.com/6285e77eaf03d3b5e63ee110/628b680112a4d6694977559a_Slice01.png]
[cdn.prod.website-files.com/6285e77eaf03d3b5e63ee110/628b6b0f62d42959d80eaf43_Slice dashboard.jpg]
[cdn.prod.website-files.com/6285e77eaf03d3b5e63ee110/628b6802aebcf959caa08c6a_Slice app icon.jpg]
[cdn.prod.website-files.com/6285e77eaf03d3b5e63ee110/628b6802109a225f4d8582c0_Slice card.jpg]
[cdn.prod.website-files.com/6285e77eaf03d3b5e63ee110/628b680265af971910035c73_Slice bag-1.jpg]
[cdn.prod.website-files.com/6285e77eaf03d3b5e63ee110/628b68012dba0c3ea4dfd886_Slice bag.jpg]
[cdn.prod.website-files.com/6285e77eaf03d3b5e63ee110/628b6d611b366282a0921905_Slice Cake.png]
[www.guts.agency/works/slice.html]
[cdn.prod.website-files.com/6285e77eaf03d3b5e63ee110/6294bde7d38c986f431cc228_Predicta med hero.jpg]
[cdn.prod.website-files.com/6285e77eaf03d3b5e63ee110/6294c71bf265fca2d564095d_Predicta Mobile hero.jpg]
[cdn.prod.website-files.com/6285e77eaf03d3b5e63ee110/6294c2b51d88ed4743d0b83d_Predicta bullets.png]
[cdn.prod.website-files.com/6285e77eaf03d3b5e63ee110/6294c40d475368467f188d5e_Predicta lines.jpg]
[cdn.prod.website-files.com/6285e77eaf03d3b5e63ee110/6294c3fc9bef0b35eb540aec_Predicta mesh.jpg]
[cdn.prod.website-files.com/6285e77eaf03d3b5e63ee110/6294c60780105ad4e5fc8770_Predicta cards.jpg]
[cdn.prod.website-files.com/6285e77eaf03d3b5e63ee110/6294c68f8ddbd160726ea136_Predicta books.jpg]
[cdn.prod.website-files.com/6285e77eaf03d3b5e63ee110/6294c68f7d6c3ae31f773465_Predicta illustrations.jpg]
[www.guts.agency/works/predicta-med.html]
[cdn.prod.website-files.com/6285e77eaf03d3b5e63ee110/6294d182eaa038d14c4965d7_Atidot goind beyond.jpg]
[cdn.prod.website-files.com/6285e77eaf03d3b5e63ee110/6294d271ef28a9f430045475_Atidot office.jpg]
[cdn.prod.website-files.com/6285e77eaf03d3b5e63ee110/6294d271ef28a9149c045474_Atidot mobile.jpg]
[cdn.prod.website-files.com/6285e77eaf03d3b5e63ee110/6294d437efbdbf0124cde930_Atidot phone.jpg]
[cdn.prod.website-files.com/6285e77eaf03d3b5e63ee110/6294d4b839ad7518e04468e3_Atidot cards.jpg]
[cdn.prod.website-files.com/6285e77eaf03d3b5e63ee110/6294d51d5953c83dc9ac153c_Atidot icons.png]
[cdn.prod.website-files.com/6285e77eaf03d3b5e63ee110/6294d51e9eefb225760777a5_Atidot Notebook Mockup.png]
[cdn.prod.website-files.com/6285e77eaf03d3b5e63ee110/63c95e1664bdabbf08e4e61b_Atidot_Hand_Bag_Mockup(2).png]
[www.guts.agency/works/atidot.html]
[www.guts.agency/privacy.html]
[cdn.prod.website-files.com/6285e77eaf03d3b5e63ee110/673f503810795c5994be7662_Hero Image.jpg]
[cdn.prod.website-files.com/6285e77eaf03d3b5e63ee110/673f64e0ec41f0a652983a80_03.jpg]
[cdn.prod.website-files.com/6285e77eaf03d3b5e63ee110/673f64e0b20c32218e195ab5_01.jpg]
[cdn.prod.website-files.com/6285e77eaf03d3b5e63ee110/673f64e055fb95f6fb4a8a25_02.jpg]
[cdn.prod.website-files.com/6285e77eaf03d3b5e63ee110/6742d845a389b5fc251e2584_02.jpg]
[cdn.prod.website-files.com/6285e77eaf03d3b5e63ee110/6742d824a389b5fc251e1c3b_03.jpg]
[cdn.prod.website-files.com/6285e77eaf03d3b5e63ee110/6742dba80b709b60e0218c50_04.jpg]
[cdn.prod.website-files.com/6285e77eaf03d3b5e63ee110/6742dbee0b709b60e021a809_05.png]
[cdn.prod.website-files.com/6285e77eaf03d3b5e63ee110/6742dbe3dad0d62a5b0d838a_06.jpg]
[cdn.prod.website-files.com/6285e77eaf03d3b5e63ee110/6742dc0726be4601101869c7_07.jpg]
[cdn.prod.website-files.com/6285e77eaf03d3b5e63ee110/6742e58c5b54803481998c97_08.jpg]
[cdn.prod.website-files.com/6285e77eaf03d3b5e63ee110/6742e56a4d939e92a73f9b74_09.png]
[cdn.prod.website-files.com/6285e77eaf03d3b5e63ee110/674320c0ae40f39f05008dc9_HP Brand Guidelines Image.jpg]
[cdn.prod.website-files.com/6285e77eaf03d3b5e63ee110/6743215ae90e602af369e9fb_HP Nametag Visual Identity.jpg]
[cdn.prod.website-files.com/6285e77eaf03d3b5e63ee110/6743258ea18884f64929172d_The Making Of Jordiii.jpg]
[cdn.prod.website-files.com/6285e77eaf03d3b5e63ee110/6743258dab10ebfa30f9c437_Making Of Shlomit Bob and Jord.jpg]
[cdn.prod.website-files.com/6285e77eaf03d3b5e63ee110/636cd8d9baa757655f189651_Google LP square.jpg]
[cdn.prod.website-files.com/6285e77eaf03d3b5e63ee110/642a7f9681f00a09b2f2657a_codium_share.jpg]
[www.guts.agency/works/hp-drupa.html]
[cdn.prod.website-files.com/6285e77eaf03d3b5e63ee110/65634af59ce2f9d03e78f98c_2.png]
[cdn.prod.website-files.com/6285e77eaf03d3b5e63ee110/65634af4b08c1110d088a403_3.png]
[cdn.prod.website-files.com/6285e77eaf03d3b5e63ee110/65784711f75049dbc65bf10a_Services.png]
[cdn.prod.website-files.com/6285e77eaf03d3b5e63ee110/65634ed39f12984b6d8a5467_Frame 48096524.png]
[cdn.prod.website-files.com/6285e77eaf03d3b5e63ee110/65634ed3d697929053734b68_iPhone 14 Pro Space Black Mockup.png]
[cdn.prod.website-files.com/6285e77eaf03d3b5e63ee110/65634ed3f514c92e0ef95039_Group 48096411.png]
[cdn.prod.website-files.com/6285e77eaf03d3b5e63ee110/656351a47bcf718b8007258b_AB.png]
[cdn.prod.website-files.com/6285e77eaf03d3b5e63ee110/6576e18eb4bbe211a34b71fe_AB.png]
[cdn.prod.website-files.com/6285e77eaf03d3b5e63ee110/656356a13ec907e41b10a506_image 277.jpg]
[cdn.prod.website-files.com/6285e77eaf03d3b5e63ee110/656356a142a07151433720e4_image 68.jpg]
[cdn.prod.website-files.com/6285e77eaf03d3b5e63ee110/656356a1b08c1110d08f8209_image 275.jpg]
[cdn.prod.website-files.com/6285e77eaf03d3b5e63ee110/656356a1dd9c45e1e3405746_image 276.jpg]
[cdn.prod.website-files.com/6285e77eaf03d3b5e63ee110/65635aa75b72fd519b5502ea_Badges.jpg]
[cdn.prod.website-files.com/6285e77eaf03d3b5e63ee110/65635abc4e8bc25b76a57132_Pages.jpg]
[cdn.prod.website-files.com/6285e77eaf03d3b5e63ee110/656446e45867daf52e1ac761_Case studies gallery mobile.png]
[cdn.prod.website-files.com/6285e77eaf03d3b5e63ee110/6564478085e7da906cf2379f_Contact mobile.png]
[cdn.prod.website-files.com/6285e77eaf03d3b5e63ee110/6564478035b8f61a2d087008_About page mobile.png]
[cdn.prod.website-files.com/6285e77eaf03d3b5e63ee110/656447805867daf52e1b2eb5_Case study mobile - 361.png]
[cdn.prod.website-files.com/6285e77eaf03d3b5e63ee110/6564478283e35eeb7c43eeca_Homepage mobile 361.png]
[cdn.prod.website-files.com/6285e77eaf03d3b5e63ee110/65635cb60d42980caef636ec_Frame 48096579.png]
[cdn.prod.website-files.com/6285e77eaf03d3b5e63ee110/6576c19db4bbe211a337667b_Frame 48096634.png]
[cdn.prod.website-files.com/6285e77eaf03d3b5e63ee110/65635ce8d6979290537c1ce4_categories.png]
[cdn.prod.website-files.com/6285e77eaf03d3b5e63ee110/6576c1be44102d6fbb2ed24a_#3 we know our tech.png]
[www.guts.agency/works/dofinity.html]
[cdn.prod.website-files.com/6285e77eaf03d3b5e63ee110/642424ea4835c6ddcc9e4dc5_lgb1.jpg]
[cdn.prod.website-files.com/6285e77eaf03d3b5e63ee110/642424e9f4a0f25c29f0b7a9_lgb2.jpg]
[cdn.prod.website-files.com/6285e77eaf03d3b5e63ee110/642424ea99f46f27b1bac90d_lgb3.jpg]
[cdn.prod.website-files.com/6285e77eaf03d3b5e63ee110/642428b8807e2951daa8c9df_lgb4.jpg]
[cdn.prod.website-files.com/6285e77eaf03d3b5e63ee110/641c1b2268c8e417d2b347d8_lgbtq_2.jpg]
[cdn.prod.website-files.com/6285e77eaf03d3b5e63ee110/641c1b224dd339197a3253ef_lgbtq_3.jpg]
[cdn.prod.website-files.com/6285e77eaf03d3b5e63ee110/641c23617a80eb0046d696b2_lgbtq_4.jpg]
[cdn.prod.website-files.com/6285e77eaf03d3b5e63ee110/641c22c7177dbc9af77bbb23_lgbtq_12.jpg]
[cdn.prod.website-files.com/6285e77eaf03d3b5e63ee110/642af2ea5660bdba83b654c0_lgb-tag.jpg]
[cdn.prod.website-files.com/6285e77eaf03d3b5e63ee110/641c1b221d9d91ae6f80a60f_lgbtq_6.jpg]
[cdn.prod.website-files.com/6285e77eaf03d3b5e63ee110/641c1b231506b628111f59c7_lgbtq_9.jpg]
[cdn.prod.website-files.com/6285e77eaf03d3b5e63ee110/641c1b2309c50430a11290dd_lgbtq_10.jpg]
[cdn.prod.website-files.com/6285e77eaf03d3b5e63ee110/641c1b23468d5929b3376d45_lgbtq_11.jpg]
[www.guts.agency/works/lgbtech.html]
[cdn.prod.website-files.com/6285e77eaf03d3b5e63ee110/642a83d913003e2439f402d1_codium01.jpg]
[cdn.prod.website-files.com/6285e77eaf03d3b5e63ee110/642bd7d306f7b6411b80bc41_Wireframe.png]
[cdn.prod.website-files.com/6285e77eaf03d3b5e63ee110/642a83da13003e049af402f5_codium03.jpg]
[cdn.prod.website-files.com/6285e77eaf03d3b5e63ee110/642a83dabe797c6c8f0cc5d2_codium04.jpg]
[cdn.prod.website-files.com/6285e77eaf03d3b5e63ee110/642a840d66cfe6149d9ba695_codium05.jpg]
[cdn.prod.website-files.com/6285e77eaf03d3b5e63ee110/642a83da5b5539d13732436e_codium07.jpg]
[cdn.prod.website-files.com/6285e77eaf03d3b5e63ee110/642a83de66cfe686159b92bf_codium06.jpg]
[cdn.prod.website-files.com/6285e77eaf03d3b5e63ee110/642a83da251461eaac124cbb_codium08.jpg]
[cdn.prod.website-files.com/6285e77eaf03d3b5e63ee110/642a83da99a0eb5d55d6e2f8_codium09.jpg]
[www.guts.agency/works/codium.html]
[cdn.prod.website-files.com/6285e77eaf03d3b5e63ee110/642bda86ec49bb709a511872_Group 48096174.jpg]
[cdn.prod.website-files.com/6285e77eaf03d3b5e63ee110/642bda869bd048937953ff94_Frame 48096142.jpg]
[cdn.prod.website-files.com/6285e77eaf03d3b5e63ee110/642bda861c9f807c9aea749b_Group 48096157.jpg]
[cdn.prod.website-files.com/6285e77eaf03d3b5e63ee110/6429a36952886200bdcd54dd_glglz02.jpg]
[cdn.prod.website-files.com/6285e77eaf03d3b5e63ee110/642bda03c011e1113bba82b6_zikaron book.jpg]
[www.guts.agency/works/zikaron-glglz.html]
[cdn.prod.website-files.com/6285e77eaf03d3b5e63ee110/63f221b27d75419280b734fb_rec-slide1.png]
[cdn.prod.website-files.com/6285e77eaf03d3b5e63ee110/63f221b3ac84aa817dcd96da_rec-slide2.png]
[cdn.prod.website-files.com/6285e77eaf03d3b5e63ee110/63f221b30314aa44a635854d_rec-slide3.png]
[cdn.prod.website-files.com/6285e77eaf03d3b5e63ee110/63f221b25a0b8761c8a319ea_rec-slide4.png]
[cdn.prod.website-files.com/6285e77eaf03d3b5e63ee110/63f221b38e86413e8e9ac864_rec-slide5.png]
[cdn.prod.website-files.com/6285e77eaf03d3b5e63ee110/63f22594cb57e5cff78bf896_rec-fold1.png]
[cdn.prod.website-files.com/6285e77eaf03d3b5e63ee110/63f22dbd700f68869242a3b1_top grey.png]
[cdn.prod.website-files.com/6285e77eaf03d3b5e63ee110/63f24ebe39379748ce9cfce1_Frame 48095560.png]
[cdn.prod.website-files.com/6285e77eaf03d3b5e63ee110/63f24ebe0314aa842d3939b3_Frame 48095592.png]
[cdn.prod.website-files.com/6285e77eaf03d3b5e63ee110/63f24ebeca4bd85a28ded453_Frame 48095593.png]
[cdn.prod.website-files.com/6285e77eaf03d3b5e63ee110/63f24ff88c2e2185f92006ca_rec-resolutions2.png]
[cdn.prod.website-files.com/6285e77eaf03d3b5e63ee110/63f32dfc49b46c6fb4cd7d8d_Frame 48095570.png]
[cdn.prod.website-files.com/6285e77eaf03d3b5e63ee110/6433c5cb3030fda066e0a0ba_Record - Survey.jpg]
[cdn.prod.website-files.com/6285e77eaf03d3b5e63ee110/63f338b1cdf34e7fcdc35512_Frame 48095563.png]
[cdn.prod.website-files.com/6285e77eaf03d3b5e63ee110/63f338b0b68fbbea07ad2cea_Frame 48095561.png]
[cdn.prod.website-files.com/6285e77eaf03d3b5e63ee110/6416dc4d9f12e0e863e9184e_record-bc2.jpg]
[cdn.prod.website-files.com/6285e77eaf03d3b5e63ee110/63f338b1b68fbb0119ad2cfd_Frame 48095564.png]
[cdn.prod.website-files.com/6285e77eaf03d3b5e63ee110/644fd4cbeb8e87987a035fc7_record-last.jpg]
[www.guts.agency/works/record.html]
[cdn.prod.website-files.com/6285e77eaf03d3b5e63ee110/641c6b8e74e1be1cf71692fa_zhkaron-hero.png]
[cdn.prod.website-files.com/6285e77eaf03d3b5e63ee110/642151349a01000435db283b_zikaron-mobile hero.jpg]
[cdn.prod.website-files.com/6285e77eaf03d3b5e63ee110/6421537b8b9dd8ae9c9a9dfc_zikaron01.jpg]
[cdn.prod.website-files.com/6285e77eaf03d3b5e63ee110/641c2e4f5b995f9d49afe5ff_zikaron_2.png]
[cdn.prod.website-files.com/6285e77eaf03d3b5e63ee110/641c2e4f95ee863a26179d97_zikaron_3.png]
[cdn.prod.website-files.com/6285e77eaf03d3b5e63ee110/642151d27f2f199a518b501c_zikaron02.jpg]
[cdn.prod.website-files.com/6285e77eaf03d3b5e63ee110/641c2e4f68e6c0db695d3ef5_zikaron_5.png]
[cdn.prod.website-files.com/6285e77eaf03d3b5e63ee110/6421541664e7f4292b0cbaf8_Frame 48095598.jpg]
[cdn.prod.website-files.com/6285e77eaf03d3b5e63ee110/6424618c7c773befb617109c_glz-spot.jpg]
[cdn.prod.website-files.com/6285e77eaf03d3b5e63ee110/642151d2f2602a4419fe64dc_Frame 48095598.jpg]
[cdn.prod.website-files.com/6285e77eaf03d3b5e63ee110/642154179a0100586edb53ba_shutterstock_1340997149 1.jpg]
[www.guts.agency/works/zikaron-basalon.html]
[cdn.prod.website-files.com/6285e77eaf03d3b5e63ee110/6346aef126ac5b670c4f3b7b_rma_sketch.jpg]
[cdn.prod.website-files.com/6285e77eaf03d3b5e63ee110/6346aff4eabc880dd6ab6e5f_rma_topview2.jpg]
[www.guts.agency/works/rma.html]
[cdn.prod.website-files.com/6285e77eaf03d3b5e63ee110/658bcaf394967e35eb38d619_Shlomit2.png]
[cdn.prod.website-files.com/6285e77eaf03d3b5e63ee110/658a8ac41119417045809f28_Goals image.png]
[cdn.prod.website-files.com/6285e77eaf03d3b5e63ee110/658a8bbdf1b468de2a39e524_Bob and Shlomit.png]
[cdn.prod.website-files.com/6285e77eaf03d3b5e63ee110/658bd36b9f0ba90baf85e4b4_Ziggy Stardust.png]
[cdn.prod.website-files.com/6285e77eaf03d3b5e63ee110/658bcd5a0c962446525cd7ff_Nina kantina2.png]
[cdn.prod.website-files.com/6285e77eaf03d3b5e63ee110/658bcd4e0c962446525ccec1_bar gurion.png]
[cdn.prod.website-files.com/6285e77eaf03d3b5e63ee110/658bcf619113ee53db61e78a_Skatch.png]
[cdn.prod.website-files.com/6285e77eaf03d3b5e63ee110/658a9221bf3c1d8faa252fa1_The Bear.png]
[cdn.prod.website-files.com/6285e77eaf03d3b5e63ee110/658bd04112d6f3d6ec477572_guts Gang.png]
[www.guts.agency/brains/goodbye-2023.html]
[unpkg.com/beerslider@1.0.3/dist/BeerSlider.css]
[cdn.prod.website-files.com/6285e77eaf03d3b5e63ee110/65687e1871fc7227f58db6da_Micha.jpg]
[cdn.prod.website-files.com/6285e77eaf03d3b5e63ee110/65688b48ff2a0c9c916e46f4_Image1.jpg]
[cdn.prod.website-files.com/6285e77eaf03d3b5e63ee110/65688b4812a45fa956f16adb_Image1-2.jpg]
[cdn.prod.website-files.com/6285e77eaf03d3b5e63ee110/65688b486527cf0b4d208a90_Image1-1.jpg]
[www.guts.agency/brains/from-aha-moment-to-brand.html]
[unpkg.com/beerslider@1.0.3/dist/BeerSlider.js]
[cdn.prod.website-files.com/6285e77eaf03d3b5e63ee110/63d67cf7f7e09b08033ca908_Mockups.png]
[cdn.prod.website-files.com/6285e77eaf03d3b5e63ee110/63d680289eb1ee84457663ab_ezgif.com-gif-maker (5).gif]
[cdn.prod.website-files.com/6285e77eaf03d3b5e63ee110/63d68121874a876f92d40695_People03.png]
[cdn.prod.website-files.com/6285e77eaf03d3b5e63ee110/63d66a535236776d272e3332_template.jpg]
[www.guts.agency/brains/is-it-okay-to-smile-on-holocaust-day.html]
[cdn.prod.website-files.com/6285e77eaf03d3b5e63ee110/63b5b00383a5c63017f5e4b5_alef_hero.jpg]
[cdn.prod.website-files.com/6285e77eaf03d3b5e63ee110/63b5b00315479a5187841e18_alef_banner.png]
[www.guts.agency/brains/alefalefalef.html]
[cdn.prod.website-files.com/6285e77eaf03d3b5e63ee110/63b5a01588a4a342cd4ac7b9_google01.jpg]
[cdn.prod.website-files.com/6285e77eaf03d3b5e63ee110/63b59752d1f60158dd2b92f3_google02.jpg]
[cdn.prod.website-files.com/6285e77eaf03d3b5e63ee110/63b5a7fbb541112f7f7ef6c9_monada.png]
[cdn.prod.website-files.com/6285e77eaf03d3b5e63ee110/63b59752d3d76fb26656151b_crypto.jpg]
[cdn.prod.website-files.com/6285e77eaf03d3b5e63ee110/63b59752a639c55c0acdf948_cg.jpg]
[cdn.prod.website-files.com/6285e77eaf03d3b5e63ee110/63b59752d1f6018fa92b92f4_Playtika.jpg]
[www.guts.agency/brains/adios-2022.html]
[cdn.prod.website-files.com/6285e77eaf03d3b5e63ee110/63adb68f111f586a254d1134_adams post hero.jpg]
[cdn.prod.website-files.com/6285e77eaf03d3b5e63ee110/638f6bbfd5bc09b72d7aa146_bio pic.png]
[cdn.prod.website-files.com/6285e77eaf03d3b5e63ee110/638f5b0648ccb44e16d3c66a_spline.jpg]
[cdn.prod.website-files.com/6285e77eaf03d3b5e63ee110/638f5b85c4a6e46c62746fce_vectary.jpg]
[cdn.prod.website-files.com/6285e77eaf03d3b5e63ee110/638f5bde2c98bcb61ff66317_Womp.jpg]
[cdn.prod.website-files.com/6285e77eaf03d3b5e63ee110/638f647fd5bc09427d7a2019_ezgif.com-gif-maker (85).gif]
[cdn.prod.website-files.com/6285e77eaf03d3b5e63ee110/638f6e8928e1337fa46d2e1c_ezgif.com-gif-maker (87).gif]
[cdn.prod.website-files.com/6285e77eaf03d3b5e63ee110/638f6635e41abaf4e62e9ba6_image 309.jpg]
[cdn.prod.website-files.com/6285e77eaf03d3b5e63ee110/638f68ecf1d0b42e8bfe1307_Counter design studio’s virtual gallery.jpg]
[cdn.prod.website-files.com/6285e77eaf03d3b5e63ee110/638f68eb1a7e8a73594a79fa_Hilma af Klint’s temple gallery.jpg]
[www.guts.agency/brains/design-in-3-0.html]
[cdn.prod.website-files.com/6285e77eaf03d3b5e63ee110/635132bca7e928aee65c9f32_hero.jpg]
[cdn.prod.website-files.com/6285e77eaf03d3b5e63ee110/63514b4306552a59905264b2_Billboard-Mockup 1.jpg]
[cdn.prod.website-files.com/6285e77eaf03d3b5e63ee110/63514b43b2fe2e05bed8dff6_image 1041.jpg]
[cdn.prod.website-files.com/6285e77eaf03d3b5e63ee110/63514b433885eaf9c74f2510_image 1042.jpg]
[cdn.prod.website-files.com/6285e77eaf03d3b5e63ee110/63514b431770c5ed97d74a85_image 315.jpg]
[cdn.prod.website-files.com/6285e77eaf03d3b5e63ee110/635138e5da5bcea630166de9_image 310.jpg]
[cdn.prod.website-files.com/6285e77eaf03d3b5e63ee110/635138e5e13aa7d7fc955d28_Frame 48095533.jpg]
[cdn.prod.website-files.com/6285e77eaf03d3b5e63ee110/635138e5aba7001b1119b1eb_Frame 48095534.jpg]
[cdn.prod.website-files.com/6285e77eaf03d3b5e63ee110/635138e59fc8a3df9265eea3_image 309.jpg]
[cdn.prod.website-files.com/6285e77eaf03d3b5e63ee110/63513bf69c11117e455f80c7_eliran1.jpg]
[cdn.prod.website-files.com/6285e77eaf03d3b5e63ee110/63513bf6aba700e3f919db9b_Fair Thumbnail.jpg]
[cdn.prod.website-files.com/6285e77eaf03d3b5e63ee110/63513bf69beccec53f72549d_Frame 48095528.jpg]
[cdn.prod.website-files.com/6285e77eaf03d3b5e63ee110/63513bf6cf6f370303f434fa_Frame 48095530.jpg]
[www.guts.agency/brains/dont-listen-to-your-gut.html]
[cdn.prod.website-files.com/6285e77eaf03d3b5e63ee110/63397db8dcb06d23187f7696_Hero-gif.gif]
[cdn.prod.website-files.com/6285e77eaf03d3b5e63ee110/633b00f3de60e6c194834478_yarden3.png]
[cdn.prod.website-files.com/6285e77eaf03d3b5e63ee110/633971405457049ce87c17f3_google before.jpg]
[cdn.prod.website-files.com/6285e77eaf03d3b5e63ee110/63396e6a7b04fd7ee6d3a8d1_google after.jpg]
[cdn.prod.website-files.com/6285e77eaf03d3b5e63ee110/6335878ca2a7462ccd947e1f_google illustrations.png]
[cdn.prod.website-files.com/6285e77eaf03d3b5e63ee110/63358cc059a097addc5ffeb5_google table map.png]
[cdn.prod.website-files.com/6285e77eaf03d3b5e63ee110/63358cc139acab2ee597f95f_google mangal.png]
[cdn.prod.website-files.com/6285e77eaf03d3b5e63ee110/633b07355ca5db7bf0a07a24_google full width.jpg]
[cdn.prod.website-files.com/6285e77eaf03d3b5e63ee110/633592731b88f9fe9c3cd459_google startup garden.jpg]
[cdn.prod.website-files.com/6285e77eaf03d3b5e63ee110/6339850968e0aa8a4cb92f81_hamsa-fan-gif.gif]
[cdn.prod.website-files.com/6285e77eaf03d3b5e63ee110/633984266320c84e568445ec_google golden watch.jpg]
[cdn.prod.website-files.com/6285e77eaf03d3b5e63ee110/6339a97cdcea6999e227d60f_IMG_7836.jpg]
[cdn.prod.website-files.com/6285e77eaf03d3b5e63ee110/6339a97ac6e89f7dffa65dba_image 309.jpg]
[cdn.prod.website-files.com/6285e77eaf03d3b5e63ee110/6339a97b68e0aa806fbaf473_image 308.jpg]
[www.guts.agency/brains/google-cloud-israel-campaign.html]
[unpkg.com/beerslider@1.0.3/dist/BeerSlider.css]
[www.guts.agency/works/xtend.html]
[www.guts.agency/works/evigence.html]
[www.guts.agency/works/fair-pr-video.html]
[www.guts.agency/works/_https_/cdn.prod.website-files.com/6285e77eaf03d3b5e63ee110/6298bae3449cf963a179a451_Forsight Hero-poster-00001.html]
[www.guts.agency/works/_https_/cdn.prod.website-files.com/6285e77eaf03d3b5e63ee110/6298bafd9aeb720335c5bf9a_Forsight hero Mobile-poster-00001.html]
[www.guts.agency/brains/_https_/cdn.prod.website-files.com/6285e77eaf03d3b5e63ee110/658bdf9f12d6f3d6ec51ba9f_Love support-poster-00001.html]
